<?xml version="1.0" encoding="UTF-8"?>
<!-- Generated by org.testng.reporters.JUnitReportReporter -->
<testsuite hostname="ANJALI" failures="0" tests="1" name="testScripts.AddCourseTest" time="29.008" errors="0" timestamp="2024-02-01T13:56:51 IST" skipped="0">
  <testcase classname="testScripts.AddCourseTest" name="addCourseTest" time="29.008"/>
  <system-out/>
</testsuite> <!-- testScripts.AddCourseTest -->
